# JRE version: OpenJDK Runtime Environment (21.0.3) (build 21.0.3+-12282718-b509.11)
# Java VM: OpenJDK 64-Bit Server VM (21.0.3+-12282718-b509.11, mixed mode, tiered, compressed oops, compressed class ptrs, g1 gc, windows-amd64)
GC Precious Log:
 CardTable entry size: 512
 Card Set container configuration: InlinePtr #cards 5 size 8 Array Of Cards #cards 12 size 40 Howl #buckets 4 coarsen threshold 1843 Howl Bitmap #cards 512 size 80 coarsen threshold 460 Card regions per heap region 1 cards per card region 2048
 CPUs: 12 total, 12 available
 Memory: 7562M
 Large Page Support: Disabled
 NUMA Support: Disabled
 Compressed Oops: Enabled (32-bit)
 Heap Region Size: 1M
 Heap Min Capacity: 8M
 Heap Initial Capacity: 120M
 Heap Max Capacity: 2G
 Pre-touch: Disabled
 Parallel Workers: 10
 Concurrent Workers: 3
 Concurrent Refinement Workers: 10
 Periodic GC: Disabled
Heap:
 garbage-first heap   total 124928K, used 79895K [0x0000000080000000, 0x0000000100000000)
  region size 1024K, 13 young (13312K), 3 survivors (3072K)
 Metaspace       used 88197K, committed 90112K, reserved 1179648K
  class space    used 12120K, committed 13056K, reserved 1048576K
GC Heap History (20 events):
Event: 7.111 GC heap before
{Heap before GC invocations=14 (full 0):
 garbage-first heap   total 102400K, used 93195K [0x0000000080000000, 0x0000000100000000)
  region size 1024K, 56 young (57344K), 4 survivors (4096K)
 Metaspace       used 60934K, committed 62528K, reserved 1114112K
  class space    used 8426K, committed 9216K, reserved 1048576K
}
Event: 7.118 GC heap after
{Heap after GC invocations=15 (full 0):
 garbage-first heap   total 105472K, used 48030K [0x0000000080000000, 0x0000000100000000)
  region size 1024K, 7 young (7168K), 7 survivors (7168K)
 Metaspace       used 60934K, committed 62528K, reserved 1114112K
  class space    used 8426K, committed 9216K, reserved 1048576K
}
Event: 7.705 GC heap before
{Heap before GC invocations=15 (full 0):
 garbage-first heap   total 105472K, used 95134K [0x0000000080000000, 0x0000000100000000)
  region size 1024K, 49 young (50176K), 7 survivors (7168K)
 Metaspace       used 64252K, committed 65856K, reserved 1114112K
  class space    used 8875K, committed 9664K, reserved 1048576K
}
Event: 7.711 GC heap after
{Heap after GC invocations=16 (full 0):
 garbage-first heap   total 108544K, used 54715K [0x0000000080000000, 0x0000000100000000)
  region size 1024K, 4 young (4096K), 4 survivors (4096K)
 Metaspace       used 64252K, committed 65856K, reserved 1114112K
  class space    used 8875K, committed 9664K, reserved 1048576K
}
Event: 8.192 GC heap before
{Heap before GC invocations=16 (full 0):
 garbage-first heap   total 108544K, used 95675K [0x0000000080000000, 0x0000000100000000)
  region size 1024K, 44 young (45056K), 4 survivors (4096K)
 Metaspace       used 68895K, committed 70656K, reserved 1114112K
  class space    used 9314K, committed 10176K, reserved 1048576K
}
Event: 8.196 GC heap after
{Heap after GC invocations=17 (full 0):
 garbage-first heap   total 108544K, used 56081K [0x0000000080000000, 0x0000000100000000)
  region size 1024K, 2 young (2048K), 2 survivors (2048K)
 Metaspace       used 68895K, committed 70656K, reserved 1114112K
  class space    used 9314K, committed 10176K, reserved 1048576K
}
Event: 8.768 GC heap before
{Heap before GC invocations=18 (full 0):
 garbage-first heap   total 108544K, used 101137K [0x0000000080000000, 0x0000000100000000)
  region size 1024K, 42 young (43008K), 2 survivors (2048K)
 Metaspace       used 73060K, committed 74880K, reserved 1114112K
  class space    used 9917K, committed 10816K, reserved 1048576K
}
Event: 8.773 GC heap after
{Heap after GC invocations=19 (full 0):
 garbage-first heap   total 109568K, used 64976K [0x0000000080000000, 0x0000000100000000)
  region size 1024K, 6 young (6144K), 6 survivors (6144K)
 Metaspace       used 73060K, committed 74880K, reserved 1114112K
  class space    used 9917K, committed 10816K, reserved 1048576K
}
Event: 9.166 GC heap before
{Heap before GC invocations=19 (full 0):
 garbage-first heap   total 109568K, used 97744K [0x0000000080000000, 0x0000000100000000)
  region size 1024K, 37 young (37888K), 6 survivors (6144K)
 Metaspace       used 75305K, committed 77056K, reserved 1179648K
  class space    used 10214K, committed 11072K, reserved 1048576K
}
Event: 9.171 GC heap after
{Heap after GC invocations=20 (full 0):
 garbage-first heap   total 109568K, used 64548K [0x0000000080000000, 0x0000000100000000)
  region size 1024K, 4 young (4096K), 4 survivors (4096K)
 Metaspace       used 75305K, committed 77056K, reserved 1179648K
  class space    used 10214K, committed 11072K, reserved 1048576K
}
Event: 9.645 GC heap before
{Heap before GC invocations=20 (full 0):
 garbage-first heap   total 109568K, used 97316K [0x0000000080000000, 0x0000000100000000)
  region size 1024K, 36 young (36864K), 4 survivors (4096K)
 Metaspace       used 78232K, committed 80000K, reserved 1179648K
  class space    used 10614K, committed 11520K, reserved 1048576K
}
Event: 9.649 GC heap after
{Heap after GC invocations=21 (full 0):
 garbage-first heap   total 109568K, used 66631K [0x0000000080000000, 0x0000000100000000)
  region size 1024K, 2 young (2048K), 2 survivors (2048K)
 Metaspace       used 78232K, committed 80000K, reserved 1179648K
  class space    used 10614K, committed 11520K, reserved 1048576K
}
Event: 10.011 GC heap before
{Heap before GC invocations=22 (full 0):
 garbage-first heap   total 116736K, used 97351K [0x0000000080000000, 0x0000000100000000)
  region size 1024K, 33 young (33792K), 2 survivors (2048K)
 Metaspace       used 81480K, committed 83264K, reserved 1179648K
  class space    used 11030K, committed 11904K, reserved 1048576K
}
Event: 10.013 GC heap after
{Heap after GC invocations=23 (full 0):
 garbage-first heap   total 116736K, used 69229K [0x0000000080000000, 0x0000000100000000)
  region size 1024K, 5 young (5120K), 5 survivors (5120K)
 Metaspace       used 81480K, committed 83264K, reserved 1179648K
  class space    used 11030K, committed 11904K, reserved 1048576K
}
Event: 10.590 GC heap before
{Heap before GC invocations=23 (full 0):
 garbage-first heap   total 116736K, used 103021K [0x0000000080000000, 0x0000000100000000)
  region size 1024K, 38 young (38912K), 5 survivors (5120K)
 Metaspace       used 84092K, committed 85952K, reserved 1179648K
  class space    used 11381K, committed 12288K, reserved 1048576K
}
Event: 10.595 GC heap after
{Heap after GC invocations=24 (full 0):
 garbage-first heap   total 116736K, used 69764K [0x0000000080000000, 0x0000000100000000)
  region size 1024K, 2 young (2048K), 2 survivors (2048K)
 Metaspace       used 84092K, committed 85952K, reserved 1179648K
  class space    used 11381K, committed 12288K, reserved 1048576K
}
Event: 10.756 GC heap before
{Heap before GC invocations=24 (full 0):
 garbage-first heap   total 116736K, used 76932K [0x0000000080000000, 0x0000000100000000)
  region size 1024K, 10 young (10240K), 2 survivors (2048K)
 Metaspace       used 84665K, committed 86528K, reserved 1179648K
  class space    used 11455K, committed 12352K, reserved 1048576K
}
Event: 10.758 GC heap after
{Heap after GC invocations=25 (full 0):
 garbage-first heap   total 116736K, used 69986K [0x0000000080000000, 0x0000000100000000)
  region size 1024K, 2 young (2048K), 2 survivors (2048K)
 Metaspace       used 84665K, committed 86528K, reserved 1179648K
  class space    used 11455K, committed 12352K, reserved 1048576K
}
Event: 11.180 GC heap before
{Heap before GC invocations=26 (full 0):
 garbage-first heap   total 124928K, used 107874K [0x0000000080000000, 0x0000000100000000)
  region size 1024K, 38 young (38912K), 2 survivors (2048K)
 Metaspace       used 87472K, committed 89216K, reserved 1179648K
  class space    used 11984K, committed 12864K, reserved 1048576K
}
Event: 11.182 GC heap after
{Heap after GC invocations=27 (full 0):
 garbage-first heap   total 124928K, used 70679K [0x0000000080000000, 0x0000000100000000)
  region size 1024K, 3 young (3072K), 3 survivors (3072K)
 Metaspace       used 87472K, committed 89216K, reserved 1179648K
  class space    used 11984K, committed 12864K, reserved 1048576K
}

